[2025-08-18 03:32:35,337: INFO: common: YAML file config\config.yaml loaded successfully.:]
[2025-08-18 03:32:35,344: INFO: common: YAML file params.yaml loaded successfully.:]
[2025-08-18 03:32:35,347: INFO: common: YAML file schema.yaml loaded successfully.:]
[2025-08-18 03:32:35,350: INFO: common: created directory at: artifacts:]
[2025-08-18 03:32:35,352: INFO: common: created directory at: artifacts/data_ingestion:]
[2025-08-18 03:41:38,601: INFO: common: YAML file config\config.yaml loaded successfully.:]
[2025-08-18 03:41:38,604: INFO: common: YAML file params.yaml loaded successfully.:]
[2025-08-18 03:41:38,609: INFO: common: YAML file schema.yaml loaded successfully.:]
[2025-08-18 03:41:38,611: INFO: common: created directory at: artifacts:]
[2025-08-18 03:41:38,613: INFO: common: created directory at: artifacts/data_ingestion:]
[2025-08-18 03:46:46,987: INFO: common: YAML file config\config.yaml loaded successfully.:]
[2025-08-18 03:46:46,991: INFO: common: YAML file params.yaml loaded successfully.:]
[2025-08-18 03:46:46,996: INFO: common: YAML file schema.yaml loaded successfully.:]
[2025-08-18 03:46:46,998: INFO: common: created directory at: artifacts:]
[2025-08-18 03:46:47,000: INFO: common: created directory at: artifacts/data_ingestion:]
[2025-08-18 03:46:48,166: INFO: 1452861783: artifacts/data_ingestion/data.zip download! with following info: 
Connection: close
Content-Length: 23329
Cache-Control: max-age=300
Content-Security-Policy: default-src 'none'; style-src 'unsafe-inline'; sandbox
Content-Type: application/zip
ETag: "c69888a4ae59bc5a893392785a938ccd4937981c06ba8a9d6a21aa52b4ab5b6e"
Strict-Transport-Security: max-age=31536000
X-Content-Type-Options: nosniff
X-Frame-Options: deny
X-XSS-Protection: 1; mode=block
X-GitHub-Request-Id: F06C:3DFB49:2217AF0:2712ACD:68A30497
Accept-Ranges: bytes
Date: Mon, 18 Aug 2025 10:46:49 GMT
Via: 1.1 varnish
X-Served-By: cache-mrs10562-MRS
X-Cache: MISS
X-Cache-Hits: 0
X-Timer: S1755514009.994747,VS0,VE133
Vary: Authorization,Accept-Encoding
Access-Control-Allow-Origin: *
Cross-Origin-Resource-Policy: cross-origin
X-Fastly-Request-ID: 5da545ec2ea5b7d9ea3ecc7849c355b5583de2b9
Expires: Mon, 18 Aug 2025 10:51:49 GMT
Source-Age: 0

:]
[2025-08-18 04:57:07,898: INFO: main: >>>>>>> stage Data Ingestion Stage started <<<<<<<<:]
[2025-08-18 04:57:07,904: INFO: common: YAML file config\config.yaml loaded successfully.:]
[2025-08-18 04:57:07,904: INFO: common: YAML file params.yaml loaded successfully.:]
[2025-08-18 04:57:07,909: INFO: common: YAML file schema.yaml loaded successfully.:]
[2025-08-18 04:57:07,909: INFO: common: created directory at: artifacts:]
[2025-08-18 04:57:07,909: INFO: common: created directory at: artifacts/data_ingestion:]
[2025-08-18 04:57:09,038: INFO: data_ingestion: artifacts/data_ingestion/data.zip download! with following info: 
Connection: close
Content-Length: 23329
Cache-Control: max-age=300
Content-Security-Policy: default-src 'none'; style-src 'unsafe-inline'; sandbox
Content-Type: application/zip
ETag: "c69888a4ae59bc5a893392785a938ccd4937981c06ba8a9d6a21aa52b4ab5b6e"
Strict-Transport-Security: max-age=31536000
X-Content-Type-Options: nosniff
X-Frame-Options: deny
X-XSS-Protection: 1; mode=block
X-GitHub-Request-Id: F06C:3DFB49:2217AF0:2712ACD:68A30497
Accept-Ranges: bytes
Date: Mon, 18 Aug 2025 11:57:10 GMT
Via: 1.1 varnish
X-Served-By: cache-mrs1050106-MRS
X-Cache: HIT
X-Cache-Hits: 0
X-Timer: S1755518230.918989,VS0,VE139
Vary: Authorization,Accept-Encoding
Access-Control-Allow-Origin: *
Cross-Origin-Resource-Policy: cross-origin
X-Fastly-Request-ID: c69122e989995f48e319d6a6d9a532bfaae5fb9d
Expires: Mon, 18 Aug 2025 12:02:10 GMT
Source-Age: 0

:]
[2025-08-18 04:57:09,073: INFO: main: >>>>>>> stage Data Ingestion Stage completed <<<<<<<<:]
[2025-08-18 04:57:09,074: INFO: main: Welcome to our custom logging data science:]
[2025-08-18 22:16:23,967: INFO: common: YAML file config\config.yaml loaded successfully.:]
[2025-08-18 22:16:23,983: INFO: common: YAML file params.yaml loaded successfully.:]
[2025-08-18 22:16:23,997: INFO: common: YAML file schema.yaml loaded successfully.:]
[2025-08-18 22:16:24,000: INFO: common: created directory at: artifacts:]
[2025-08-18 22:16:24,003: INFO: common: created directory at: artifacts/data_validation:]
[2025-08-18 23:02:12,371: INFO: main: >>>>>>> stage Data Ingestion Stage started <<<<<<<<:]
[2025-08-18 23:02:12,377: INFO: common: YAML file config\config.yaml loaded successfully.:]
[2025-08-18 23:02:12,378: INFO: common: YAML file params.yaml loaded successfully.:]
[2025-08-18 23:02:12,383: INFO: common: YAML file schema.yaml loaded successfully.:]
[2025-08-18 23:02:12,384: INFO: common: created directory at: artifacts:]
[2025-08-18 23:02:12,385: INFO: common: created directory at: artifacts/data_ingestion:]
[2025-08-18 23:02:12,387: INFO: data_ingestion: File already exists:]
[2025-08-18 23:02:12,415: INFO: main: >>>>>>> stage Data Ingestion Stage completed <<<<<<<<:]
[2025-08-18 23:02:12,416: INFO: main: >>>>>> stage Data Validation stage started <<<<<<:]
[2025-08-18 23:02:12,419: INFO: common: YAML file config\config.yaml loaded successfully.:]
[2025-08-18 23:02:12,420: INFO: common: YAML file params.yaml loaded successfully.:]
[2025-08-18 23:02:12,423: INFO: common: YAML file schema.yaml loaded successfully.:]
[2025-08-18 23:02:12,424: INFO: common: created directory at: artifacts:]
[2025-08-18 23:02:12,425: INFO: common: created directory at: artifacts/data_validation:]
[2025-08-18 23:02:12,449: INFO: main: >>>>>> stage Data Validation stage completed <<<<<<

x==========x:]
[2025-08-18 23:53:42,269: INFO: common: YAML file config\config.yaml loaded successfully.:]
[2025-08-18 23:53:42,272: INFO: common: YAML file params.yaml loaded successfully.:]
[2025-08-18 23:53:42,276: INFO: common: YAML file schema.yaml loaded successfully.:]
[2025-08-18 23:53:42,278: INFO: common: created directory at: artifacts:]
[2025-08-18 23:53:42,280: INFO: common: created directory at: artifacts/data_transformation:]
[2025-08-18 23:53:42,337: INFO: 741865018: Splited data into training and test sets:]
[2025-08-18 23:53:42,338: INFO: 741865018: (1199, 12):]
[2025-08-18 23:53:42,339: INFO: 741865018: (400, 12):]
[2025-08-20 03:26:51,317: INFO: main: >>>>>>> stage Data Ingestion Stage started <<<<<<<<:]
[2025-08-20 03:26:51,353: INFO: common: YAML file config\config.yaml loaded successfully.:]
[2025-08-20 03:26:51,369: INFO: common: YAML file params.yaml loaded successfully.:]
[2025-08-20 03:26:51,386: INFO: common: YAML file schema.yaml loaded successfully.:]
[2025-08-20 03:26:51,387: INFO: common: created directory at: artifacts:]
[2025-08-20 03:26:51,388: INFO: common: created directory at: artifacts/data_ingestion:]
[2025-08-20 03:26:51,389: INFO: data_ingestion: File already exists:]
[2025-08-20 03:26:51,418: INFO: main: >>>>>>> stage Data Ingestion Stage completed <<<<<<<<:]
[2025-08-20 03:26:51,419: INFO: main: >>>>>> stage Data Validation stage started <<<<<<:]
[2025-08-20 03:26:51,427: INFO: common: YAML file config\config.yaml loaded successfully.:]
[2025-08-20 03:26:51,429: INFO: common: YAML file params.yaml loaded successfully.:]
[2025-08-20 03:26:51,434: INFO: common: YAML file schema.yaml loaded successfully.:]
[2025-08-20 03:26:51,435: INFO: common: created directory at: artifacts:]
[2025-08-20 03:26:51,436: INFO: common: created directory at: artifacts/data_validation:]
[2025-08-20 03:26:51,471: INFO: main: >>>>>> stage Data Validation stage completed <<<<<<

x==========x:]
[2025-08-20 03:26:51,471: INFO: main: >>>>>> stage Data Transformation stage started <<<<<<:]
[2025-08-20 03:26:51,487: INFO: common: YAML file config\config.yaml loaded successfully.:]
[2025-08-20 03:26:51,488: INFO: common: YAML file params.yaml loaded successfully.:]
[2025-08-20 03:26:51,491: INFO: common: YAML file schema.yaml loaded successfully.:]
[2025-08-20 03:26:51,492: INFO: common: created directory at: artifacts:]
[2025-08-20 03:26:51,493: INFO: common: created directory at: artifacts/data_transformation:]
[2025-08-20 03:26:51,532: INFO: data_transformation: Splited data into training and test sets:]
[2025-08-20 03:26:51,533: INFO: data_transformation: (1199, 12):]
[2025-08-20 03:26:51,533: INFO: data_transformation: (400, 12):]
[2025-08-20 03:26:51,534: INFO: main: >>>>>> stage Data Transformation stage completed <<<<<<

x==========x:]
[2025-08-20 05:44:28,579: INFO: common: YAML file config\config.yaml loaded successfully.:]
[2025-08-20 05:44:28,587: INFO: common: YAML file params.yaml loaded successfully.:]
[2025-08-20 05:44:28,592: INFO: common: YAML file schema.yaml loaded successfully.:]
[2025-08-20 05:44:28,594: INFO: common: created directory at: artifacts:]
[2025-08-20 05:44:28,596: INFO: common: created directory at: artifacts/model_trainer:]
[2025-08-20 23:57:09,745: INFO: common: YAML file config\config.yaml loaded successfully.:]
[2025-08-20 23:57:09,769: INFO: common: YAML file params.yaml loaded successfully.:]
[2025-08-20 23:57:09,795: INFO: common: YAML file schema.yaml loaded successfully.:]
[2025-08-20 23:57:09,799: INFO: common: created directory at: artifacts:]
[2025-08-20 23:57:09,800: INFO: common: created directory at: artifacts/model_evaluation:]
[2025-08-20 23:57:51,549: INFO: common: YAML file config\config.yaml loaded successfully.:]
[2025-08-20 23:57:51,552: INFO: common: YAML file params.yaml loaded successfully.:]
[2025-08-20 23:57:51,556: INFO: common: YAML file schema.yaml loaded successfully.:]
[2025-08-20 23:57:51,560: INFO: common: created directory at: artifacts:]
[2025-08-20 23:57:51,562: INFO: common: created directory at: artifacts/model_evaluation:]
[2025-08-21 00:09:22,428: INFO: common: YAML file config\config.yaml loaded successfully.:]
[2025-08-21 00:09:22,430: INFO: common: YAML file params.yaml loaded successfully.:]
[2025-08-21 00:09:22,433: INFO: common: YAML file schema.yaml loaded successfully.:]
[2025-08-21 00:09:22,435: INFO: common: created directory at: artifacts:]
[2025-08-21 00:09:22,436: INFO: common: created directory at: artifacts/model_evaluation:]
[2025-08-25 01:32:53,424: INFO: common: YAML file config\config.yaml loaded successfully.:]
[2025-08-25 01:32:53,441: INFO: common: YAML file params.yaml loaded successfully.:]
[2025-08-25 01:32:53,456: INFO: common: YAML file schema.yaml loaded successfully.:]
[2025-08-25 01:32:53,458: INFO: common: created directory at: artifacts:]
[2025-08-25 01:32:53,460: INFO: common: created directory at: artifacts/model_evaluation:]
[2025-08-25 01:32:54,843: INFO: common: JSON file saved at: artifacts\model_evaluation\metrics.json:]
[2025-08-25 02:01:21,750: INFO: common: YAML file config\config.yaml loaded successfully.:]
[2025-08-25 02:01:21,753: INFO: common: YAML file params.yaml loaded successfully.:]
[2025-08-25 02:01:21,758: INFO: common: YAML file schema.yaml loaded successfully.:]
[2025-08-25 02:01:21,760: INFO: common: created directory at: artifacts:]
[2025-08-25 02:01:21,762: INFO: common: created directory at: artifacts/model_evaluation:]
[2025-08-25 02:01:22,648: INFO: common: JSON file saved at: artifacts\model_evaluation\metrics.json:]
[2025-08-25 03:13:14,112: INFO: common: YAML file config\config.yaml loaded successfully.:]
[2025-08-25 03:13:14,114: INFO: common: YAML file params.yaml loaded successfully.:]
[2025-08-25 03:13:14,117: INFO: common: YAML file schema.yaml loaded successfully.:]
[2025-08-25 03:13:14,119: INFO: common: created directory at: artifacts:]
[2025-08-25 03:13:14,120: INFO: common: created directory at: artifacts/model_evaluation:]
[2025-08-25 03:13:15,302: INFO: common: JSON file saved at: artifacts\model_evaluation\metrics.json:]
[2025-08-25 03:25:41,502: INFO: common: YAML file config\config.yaml loaded successfully.:]
[2025-08-25 03:25:41,506: INFO: common: YAML file params.yaml loaded successfully.:]
[2025-08-25 03:25:41,510: INFO: common: YAML file schema.yaml loaded successfully.:]
[2025-08-25 03:25:41,512: INFO: common: created directory at: artifacts:]
[2025-08-25 03:25:41,515: INFO: common: created directory at: artifacts/model_evaluation:]
[2025-08-25 03:25:42,155: INFO: common: JSON file saved at: artifacts\model_evaluation\metrics.json:]
[2025-08-25 03:26:58,517: INFO: common: YAML file config\config.yaml loaded successfully.:]
[2025-08-25 03:26:58,519: INFO: common: YAML file params.yaml loaded successfully.:]
[2025-08-25 03:26:58,523: INFO: common: YAML file schema.yaml loaded successfully.:]
[2025-08-25 03:26:58,525: INFO: common: created directory at: artifacts:]
[2025-08-25 03:26:58,527: INFO: common: created directory at: artifacts/model_evaluation:]
[2025-08-25 03:26:58,925: INFO: common: JSON file saved at: artifacts\model_evaluation\metrics.json:]
[2025-08-25 03:37:53,026: INFO: common: YAML file config\config.yaml loaded successfully.:]
[2025-08-25 03:37:53,030: INFO: common: YAML file params.yaml loaded successfully.:]
[2025-08-25 03:37:53,036: INFO: common: YAML file schema.yaml loaded successfully.:]
[2025-08-25 03:37:53,037: INFO: common: created directory at: artifacts:]
[2025-08-25 03:37:53,040: INFO: common: created directory at: artifacts/model_evaluation:]
[2025-08-25 03:37:53,899: INFO: common: JSON file saved at: artifacts\model_evaluation\metrics.json:]
[2025-08-25 03:40:03,985: INFO: common: YAML file config\config.yaml loaded successfully.:]
[2025-08-25 03:40:03,988: INFO: common: YAML file params.yaml loaded successfully.:]
[2025-08-25 03:40:03,993: INFO: common: YAML file schema.yaml loaded successfully.:]
[2025-08-25 03:40:03,995: INFO: common: created directory at: artifacts:]
[2025-08-25 03:40:03,997: INFO: common: created directory at: artifacts/model_evaluation:]
[2025-08-25 03:40:04,410: INFO: common: JSON file saved at: artifacts\model_evaluation\metrics.json:]
[2025-08-25 03:41:52,035: INFO: common: YAML file config\config.yaml loaded successfully.:]
[2025-08-25 03:41:52,038: INFO: common: YAML file params.yaml loaded successfully.:]
[2025-08-25 03:41:52,041: INFO: common: YAML file schema.yaml loaded successfully.:]
[2025-08-25 03:41:52,044: INFO: common: created directory at: artifacts:]
[2025-08-25 03:41:52,045: INFO: common: created directory at: artifacts/model_evaluation:]
[2025-08-25 03:41:52,472: INFO: common: JSON file saved at: artifacts\model_evaluation\metrics.json:]
[2025-08-25 05:19:31,438: INFO: main: >>>>>>> stage Data Ingestion Stage started <<<<<<<<:]
[2025-08-25 05:19:31,443: INFO: common: YAML file config\config.yaml loaded successfully.:]
[2025-08-25 05:19:31,445: INFO: common: YAML file params.yaml loaded successfully.:]
[2025-08-25 05:19:31,447: INFO: common: YAML file schema.yaml loaded successfully.:]
[2025-08-25 05:19:31,449: INFO: common: created directory at: artifacts:]
[2025-08-25 05:19:31,450: INFO: common: created directory at: artifacts/data_ingestion:]
[2025-08-25 05:19:31,450: INFO: data_ingestion: File already exists:]
[2025-08-25 05:19:31,487: INFO: main: >>>>>>> stage Data Ingestion Stage completed <<<<<<<<:]
[2025-08-25 05:19:31,487: INFO: main: >>>>>> stage Data Validation stage started <<<<<<:]
[2025-08-25 05:19:31,493: INFO: common: YAML file config\config.yaml loaded successfully.:]
[2025-08-25 05:19:31,495: INFO: common: YAML file params.yaml loaded successfully.:]
[2025-08-25 05:19:31,498: INFO: common: YAML file schema.yaml loaded successfully.:]
[2025-08-25 05:19:31,499: INFO: common: created directory at: artifacts:]
[2025-08-25 05:19:31,500: INFO: common: created directory at: artifacts/data_validation:]
[2025-08-25 05:19:31,537: INFO: main: >>>>>> stage Data Validation stage completed <<<<<<

x==========x:]
[2025-08-25 05:19:31,538: INFO: main: >>>>>> stage Data Transformation stage started <<<<<<:]
[2025-08-25 05:19:31,553: INFO: common: YAML file config\config.yaml loaded successfully.:]
[2025-08-25 05:19:31,555: INFO: common: YAML file params.yaml loaded successfully.:]
[2025-08-25 05:19:31,557: INFO: common: YAML file schema.yaml loaded successfully.:]
[2025-08-25 05:19:31,558: INFO: common: created directory at: artifacts:]
[2025-08-25 05:19:31,558: INFO: common: created directory at: artifacts/data_transformation:]
[2025-08-25 05:19:31,589: INFO: data_transformation: Splited data into training and test sets:]
[2025-08-25 05:19:31,591: INFO: data_transformation: (1199, 12):]
[2025-08-25 05:19:31,591: INFO: data_transformation: (400, 12):]
[2025-08-25 05:19:31,593: INFO: main: >>>>>> stage Data Transformation stage completed <<<<<<

x==========x:]
[2025-08-25 05:19:31,593: INFO: main: >>>>>> stage Model Trainer stage started <<<<<<:]
[2025-08-25 05:19:31,596: INFO: common: YAML file config\config.yaml loaded successfully.:]
[2025-08-25 05:19:31,598: INFO: common: YAML file params.yaml loaded successfully.:]
[2025-08-25 05:19:31,600: INFO: common: YAML file schema.yaml loaded successfully.:]
[2025-08-25 05:19:31,601: INFO: common: created directory at: artifacts:]
[2025-08-25 05:19:31,601: INFO: common: created directory at: artifacts/model_trainer:]
[2025-08-25 05:19:31,647: INFO: main: >>>>>> stage Model Trainer stage completed <<<<<<

x==========x:]
[2025-08-25 05:19:31,648: INFO: main: >>>>>> stage Model evaluation stage started <<<<<<:]
[2025-08-25 05:19:31,651: INFO: common: YAML file config\config.yaml loaded successfully.:]
[2025-08-25 05:19:31,654: INFO: common: YAML file params.yaml loaded successfully.:]
[2025-08-25 05:19:31,656: INFO: common: YAML file schema.yaml loaded successfully.:]
[2025-08-25 05:19:31,656: INFO: common: created directory at: artifacts:]
[2025-08-25 05:19:31,657: INFO: common: created directory at: artifacts/model_evaluation:]
[2025-08-25 05:19:33,207: INFO: common: JSON file saved at: artifacts\model_evaluation\metrics.json:]
[2025-08-25 05:19:43,952: INFO: main: >>>>>> stage Model evaluation stage completed <<<<<<

x==========x:]
[2025-08-25 23:18:03,430: INFO: _internal: [31m[1mWARNING: This is a development server. Do not use it in a production deployment. Use a production WSGI server instead.[0m
 * Running on all addresses (0.0.0.0)
 * Running on http://127.0.0.1:8080
 * Running on http://192.168.1.24:8080:]
[2025-08-25 23:18:03,432: INFO: _internal: [33mPress CTRL+C to quit[0m:]
[2025-08-25 23:20:13,095: INFO: _internal: 192.168.1.24 - - [25/Aug/2025 23:20:13] "GET / HTTP/1.1" 200 -:]
[2025-08-25 23:20:13,199: INFO: _internal: 192.168.1.24 - - [25/Aug/2025 23:20:13] "[33mGET /static/assets/img/form-v9.jpg HTTP/1.1[0m" 404 -:]
[2025-08-25 23:20:13,219: INFO: _internal: 192.168.1.24 - - [25/Aug/2025 23:20:13] "[33mGET /favicon.ico HTTP/1.1[0m" 404 -:]
